<?xml version="1.0" encoding="UTF-8"?>
<testng-results ignored="0" total="1" passed="1" failed="0" skipped="0">
  <reporter-output>
  </reporter-output>
  <suite started-at="2024-07-31T10:02:00 IST" name="Default suite" finished-at="2024-07-31T10:03:05 IST" duration-ms="64542">
    <groups>
    </groups>
    <test started-at="2024-07-31T10:02:00 IST" name="Default test" finished-at="2024-07-31T10:03:05 IST" duration-ms="64542">
      <class name="com.qa.TestLayer.Custom_test_Test">
        <test-method is-config="true" signature="Setup()[pri:0, instance:com.qa.TestLayer.Custom_test_Test@7b98f307]" started-at="2024-07-31T10:02:00 IST" name="Setup" finished-at="2024-07-31T10:02:18 IST" duration-ms="18313" status="PASS">
          <reporter-output>
          </reporter-output>
        </test-method> <!-- Setup -->
        <test-method signature="verify_the_custom_filed_add_succesfully()[pri:0, instance:com.qa.TestLayer.Custom_test_Test@7b98f307]" started-at="2024-07-31T10:02:18 IST" name="verify_the_custom_filed_add_succesfully" finished-at="2024-07-31T10:03:05 IST" duration-ms="46061" status="PASS">
          <reporter-output>
          </reporter-output>
        </test-method> <!-- verify_the_custom_filed_add_succesfully -->
        <test-method is-config="true" signature="tear_down()[pri:0, instance:com.qa.TestLayer.Custom_test_Test@7b98f307]" started-at="2024-07-31T10:03:05 IST" name="tear_down" finished-at="2024-07-31T10:03:05 IST" duration-ms="109" status="PASS">
          <reporter-output>
          </reporter-output>
        </test-method> <!-- tear_down -->
      </class> <!-- com.qa.TestLayer.Custom_test_Test -->
    </test> <!-- Default test -->
  </suite> <!-- Default suite -->
</testng-results>
